<html>
<head>
<title>TestNG:  Surefire test</title>
<link href="../testng.css" rel="stylesheet" type="text/css" />
<link href="../my-testng.css" rel="stylesheet" type="text/css" />

<style type="text/css">
.log { display: none;} 
.stack-trace { display: none;} 
</style>
<script type="text/javascript">
<!--
function flip(e) {
  current = e.style.display;
  if (current == 'block') {
    e.style.display = 'none';
    return 0;
  }
  else {
    e.style.display = 'block';
    return 1;
  }
}

function toggleBox(szDivId, elem, msg1, msg2)
{
  var res = -1;  if (document.getElementById) {
    res = flip(document.getElementById(szDivId));
  }
  else if (document.all) {
    // this is the way old msie versions work
    res = flip(document.all[szDivId]);
  }
  if(elem) {
    if(res == 0) elem.innerHTML = msg1; else elem.innerHTML = msg2;
  }

}

function toggleAllBoxes() {
  if (document.getElementsByTagName) {
    d = document.getElementsByTagName('div');
    for (i = 0; i < d.length; i++) {
      if (d[i].className == 'log') {
        flip(d[i]);
      }
    }
  }
}

// -->
</script>

</head>
<body>
<h2 align='center'>Surefire test</h2><table border='1' align="center">
<tr>
<td>Tests passed/Failed/Skipped:</td><td>12/2/0</td>
</tr><tr>
<td>Started on:</td><td>Tue May 24 22:56:08 EET 2022</td>
</tr>
<tr><td>Total time:</td><td>353 seconds (353417 ms)</td>
</tr><tr>
<td>Included groups:</td><td></td>
</tr><tr>
<td>Excluded groups:</td><td></td>
</tr>
</table><p/>
<small><i>(Hover the method name to see the test class name)</i></small><p/>
<table width='100%' border='1' class='invocation-failed'>
<tr><td colspan='4' align='center'><b>FAILED TESTS</b></td></tr>
<tr><td><b>Test method</b></td>
<td width="30%"><b>Exception</b></td>
<td width="10%"><b>Time (seconds)</b></td>
<td><b>Instance</b></td>
</tr>
<tr>
<td title='TestRunner.TestRunner.runScenario()'><b>runScenario</b><br>Test class: TestRunner.TestRunner<br>Test method: Runs Cucumber Scenarios<br>Parameters: "user could click on Iphone on slider", "SliderWrapper is Clickable"</td>
<td><div><pre>java.lang.AssertionError: expected [https://demo.nopcommerce.com/iphone-6] but found [https://demo.nopcommerce.com/]
	at Steps.SliderWrapper.IphonePageOpen(SliderWrapper.java:42)
	at ?.Iphone page should be opened(file:///D:/MyWork/Udacity/2nd_Project_Automation/Ecommerce_project/src/main/resources/Features/6-Slider.feature:12)
... Removed 6 stack frames</pre></div><a href='#' onClick='toggleBox("stack-trace686717934", this, "Click to show all stack frames", "Click to hide stack frames")'>Click to show all stack frames</a>
<div class='stack-trace' id='stack-trace686717934'><pre>java.lang.AssertionError: expected [https://demo.nopcommerce.com/iphone-6] but found [https://demo.nopcommerce.com/]
	at org.testng.Assert.fail(Assert.java:110)
	at org.testng.Assert.failNotEquals(Assert.java:1413)
	at org.testng.Assert.assertEqualsImpl(Assert.java:149)
	at org.testng.Assert.assertEquals(Assert.java:131)
	at org.testng.Assert.assertEquals(Assert.java:655)
	at org.testng.Assert.assertEquals(Assert.java:665)
	at Steps.SliderWrapper.IphonePageOpen(SliderWrapper.java:42)
	at ?.Iphone page should be opened(file:///D:/MyWork/Udacity/2nd_Project_Automation/Ecommerce_project/src/main/resources/Features/6-Slider.feature:12)
</pre></div></td>
<td>26</td>
<td>TestRunner.TestRunner@480bdb19</td></tr>
<tr>
<td title='TestRunner.TestRunner.runScenario()'><b>runScenario</b><br>Test class: TestRunner.TestRunner<br>Test method: Runs Cucumber Scenarios<br>Parameters: "user could click on Nokia on slider", "SliderWrapper is Clickable"</td>
<td><div><pre>java.lang.AssertionError: expected [https://demo.nopcommerce.com/nokia-lumia-1020] but found [https://demo.nopcommerce.com/]
	at Steps.SliderWrapper.NokiaPageOpen(SliderWrapper.java:35)
	at ?.Nokia page should be opened(file:///D:/MyWork/Udacity/2nd_Project_Automation/Ecommerce_project/src/main/resources/Features/6-Slider.feature:6)
... Removed 6 stack frames</pre></div><a href='#' onClick='toggleBox("stack-trace1648537147", this, "Click to show all stack frames", "Click to hide stack frames")'>Click to show all stack frames</a>
<div class='stack-trace' id='stack-trace1648537147'><pre>java.lang.AssertionError: expected [https://demo.nopcommerce.com/nokia-lumia-1020] but found [https://demo.nopcommerce.com/]
	at org.testng.Assert.fail(Assert.java:110)
	at org.testng.Assert.failNotEquals(Assert.java:1413)
	at org.testng.Assert.assertEqualsImpl(Assert.java:149)
	at org.testng.Assert.assertEquals(Assert.java:131)
	at org.testng.Assert.assertEquals(Assert.java:655)
	at org.testng.Assert.assertEquals(Assert.java:665)
	at Steps.SliderWrapper.NokiaPageOpen(SliderWrapper.java:35)
	at ?.Nokia page should be opened(file:///D:/MyWork/Udacity/2nd_Project_Automation/Ecommerce_project/src/main/resources/Features/6-Slider.feature:6)
</pre></div></td>
<td>21</td>
<td>TestRunner.TestRunner@480bdb19</td></tr>
</table><p>
<table width='100%' border='1' class='invocation-passed'>
<tr><td colspan='4' align='center'><b>PASSED TESTS</b></td></tr>
<tr><td><b>Test method</b></td>
<td width="30%"><b>Exception</b></td>
<td width="10%"><b>Time (seconds)</b></td>
<td><b>Instance</b></td>
</tr>
<tr>
<td title='TestRunner.TestRunner.runScenario()'><b>runScenario</b><br>Test class: TestRunner.TestRunner<br>Test method: Runs Cucumber Scenarios<br>Parameters: "user opens YouTube link", "User should open followsUs links"</td>
<td></td>
<td>39</td>
<td>TestRunner.TestRunner@480bdb19</td></tr>
<tr>
<td title='TestRunner.TestRunner.runScenario()'><b>runScenario</b><br>Test class: TestRunner.TestRunner<br>Test method: Runs Cucumber Scenarios<br>Parameters: "user opens Twitter link", "User should open followsUs links"</td>
<td></td>
<td>22</td>
<td>TestRunner.TestRunner@480bdb19</td></tr>
<tr>
<td title='TestRunner.TestRunner.runScenario()'><b>runScenario</b><br>Test class: TestRunner.TestRunner<br>Test method: Runs Cucumber Scenarios<br>Parameters: "Valid Login", "Login"</td>
<td></td>
<td>21</td>
<td>TestRunner.TestRunner@480bdb19</td></tr>
<tr>
<td title='TestRunner.TestRunner.runScenario()'><b>runScenario</b><br>Test class: TestRunner.TestRunner<br>Test method: Runs Cucumber Scenarios<br>Parameters: "Valid Registration", "Register"</td>
<td></td>
<td>44</td>
<td>TestRunner.TestRunner@480bdb19</td></tr>
<tr>
<td title='TestRunner.TestRunner.runScenario()'><b>runScenario</b><br>Test class: TestRunner.TestRunner<br>Test method: Runs Cucumber Scenarios<br>Parameters: "user could add HTC ONE M8 phone to Shopping Cart", "User could add items to Shopping Cart"</td>
<td></td>
<td>29</td>
<td>TestRunner.TestRunner@480bdb19</td></tr>
<tr>
<td title='TestRunner.TestRunner.runScenario()'><b>runScenario</b><br>Test class: TestRunner.TestRunner<br>Test method: Runs Cucumber Scenarios<br>Parameters: "Valid Category Selection", "Category Selection"</td>
<td></td>
<td>17</td>
<td>TestRunner.TestRunner@480bdb19</td></tr>
<tr>
<td title='TestRunner.TestRunner.runScenario()'><b>runScenario</b><br>Test class: TestRunner.TestRunner<br>Test method: Runs Cucumber Scenarios<br>Parameters: "user opens RSS link", "User should open followsUs links"</td>
<td></td>
<td>17</td>
<td>TestRunner.TestRunner@480bdb19</td></tr>
<tr>
<td title='TestRunner.TestRunner.runScenario()'><b>runScenario</b><br>Test class: TestRunner.TestRunner<br>Test method: Runs Cucumber Scenarios<br>Parameters: "Valid Switch", "Switch Currency"</td>
<td></td>
<td>21</td>
<td>TestRunner.TestRunner@480bdb19</td></tr>
<tr>
<td title='TestRunner.TestRunner.runScenario()'><b>runScenario</b><br>Test class: TestRunner.TestRunner<br>Test method: Runs Cucumber Scenarios<br>Parameters: "user could add HTC ONE M8 phone to wishlist", "User could add items to wishlist"</td>
<td></td>
<td>30</td>
<td>TestRunner.TestRunner@480bdb19</td></tr>
<tr>
<td title='TestRunner.TestRunner.runScenario()'><b>runScenario</b><br>Test class: TestRunner.TestRunner<br>Test method: Runs Cucumber Scenarios<br>Parameters: "Search by Product Name", "Searching"</td>
<td></td>
<td>17</td>
<td>TestRunner.TestRunner@480bdb19</td></tr>
<tr>
<td title='TestRunner.TestRunner.runScenario()'><b>runScenario</b><br>Test class: TestRunner.TestRunner<br>Test method: Runs Cucumber Scenarios<br>Parameters: "Search by Product SKU", "Searching"</td>
<td></td>
<td>19</td>
<td>TestRunner.TestRunner@480bdb19</td></tr>
<tr>
<td title='TestRunner.TestRunner.runScenario()'><b>runScenario</b><br>Test class: TestRunner.TestRunner<br>Test method: Runs Cucumber Scenarios<br>Parameters: "user opens Facebook link", "User should open followsUs links"</td>
<td></td>
<td>19</td>
<td>TestRunner.TestRunner@480bdb19</td></tr>
</table><p>
</body>
</html>