<?xml version="1.0" encoding="UTF-8"?>
<testng-results skipped="0" failed="2" ignored="0" total="14" passed="12">
  <reporter-output>
  </reporter-output>
  <suite name="Surefire suite" duration-ms="353417" started-at="2022-05-24T22:56:08 EET" finished-at="2022-05-24T23:02:01 EET">
    <groups>
      <group name="cucumber">
        <method signature="AbstractTestNGCucumberTests.runScenario(io.cucumber.testng.PickleWrapper,io.cucumber.testng.FeatureWrapper)[pri:0, instance:TestRunner.TestRunner@480bdb19]" name="runScenario" class="io.cucumber.testng.AbstractTestNGCucumberTests"/>
      </group> <!-- cucumber -->
    </groups>
    <test name="Surefire test" duration-ms="353417" started-at="2022-05-24T22:56:08 EET" finished-at="2022-05-24T23:02:01 EET">
      <class name="TestRunner.TestRunner">
        <test-method status="PASS" signature="setUpClass(org.testng.ITestContext)[pri:0, instance:TestRunner.TestRunner@480bdb19]" name="setUpClass" is-config="true" duration-ms="4281" started-at="2022-05-24T22:56:08 EET" finished-at="2022-05-24T22:56:12 EET">
          <params>
            <param index="0">
              <value>
                <![CDATA[org.testng.TestRunner@7fdd43cd]]>
              </value>
            </param>
          </params>
          <reporter-output>
          </reporter-output>
        </test-method> <!-- setUpClass -->
        <test-method status="PASS" signature="runScenario(io.cucumber.testng.PickleWrapper,io.cucumber.testng.FeatureWrapper)[pri:0, instance:TestRunner.TestRunner@480bdb19]" name="runScenario" duration-ms="44093" started-at="2022-05-24T22:56:12 EET" description="Runs Cucumber Scenarios" data-provider="scenarios" finished-at="2022-05-24T22:56:56 EET">
          <params>
            <param index="0">
              <value>
                <![CDATA["Valid Registration"]]>
              </value>
            </param>
            <param index="1">
              <value>
                <![CDATA["Register"]]>
              </value>
            </param>
          </params>
          <reporter-output>
          </reporter-output>
        </test-method> <!-- runScenario -->
        <test-method status="PASS" signature="runScenario(io.cucumber.testng.PickleWrapper,io.cucumber.testng.FeatureWrapper)[pri:0, instance:TestRunner.TestRunner@480bdb19]" name="runScenario" duration-ms="21540" started-at="2022-05-24T22:56:56 EET" description="Runs Cucumber Scenarios" data-provider="scenarios" finished-at="2022-05-24T22:57:18 EET">
          <params>
            <param index="0">
              <value>
                <![CDATA["Valid Login"]]>
              </value>
            </param>
            <param index="1">
              <value>
                <![CDATA["Login"]]>
              </value>
            </param>
          </params>
          <reporter-output>
          </reporter-output>
        </test-method> <!-- runScenario -->
        <test-method status="PASS" signature="runScenario(io.cucumber.testng.PickleWrapper,io.cucumber.testng.FeatureWrapper)[pri:0, instance:TestRunner.TestRunner@480bdb19]" name="runScenario" duration-ms="21718" started-at="2022-05-24T22:57:18 EET" description="Runs Cucumber Scenarios" data-provider="scenarios" finished-at="2022-05-24T22:57:40 EET">
          <params>
            <param index="0">
              <value>
                <![CDATA["Valid Switch"]]>
              </value>
            </param>
            <param index="1">
              <value>
                <![CDATA["Switch Currency"]]>
              </value>
            </param>
          </params>
          <reporter-output>
          </reporter-output>
        </test-method> <!-- runScenario -->
        <test-method status="PASS" signature="runScenario(io.cucumber.testng.PickleWrapper,io.cucumber.testng.FeatureWrapper)[pri:0, instance:TestRunner.TestRunner@480bdb19]" name="runScenario" duration-ms="17740" started-at="2022-05-24T22:57:40 EET" description="Runs Cucumber Scenarios" data-provider="scenarios" finished-at="2022-05-24T22:57:57 EET">
          <params>
            <param index="0">
              <value>
                <![CDATA["Valid Category Selection"]]>
              </value>
            </param>
            <param index="1">
              <value>
                <![CDATA["Category Selection"]]>
              </value>
            </param>
          </params>
          <reporter-output>
          </reporter-output>
        </test-method> <!-- runScenario -->
        <test-method status="PASS" signature="runScenario(io.cucumber.testng.PickleWrapper,io.cucumber.testng.FeatureWrapper)[pri:0, instance:TestRunner.TestRunner@480bdb19]" name="runScenario" duration-ms="17563" started-at="2022-05-24T22:57:57 EET" description="Runs Cucumber Scenarios" data-provider="scenarios" finished-at="2022-05-24T22:58:15 EET">
          <params>
            <param index="0">
              <value>
                <![CDATA["Search by Product Name"]]>
              </value>
            </param>
            <param index="1">
              <value>
                <![CDATA["Searching"]]>
              </value>
            </param>
          </params>
          <reporter-output>
          </reporter-output>
        </test-method> <!-- runScenario -->
        <test-method status="PASS" signature="runScenario(io.cucumber.testng.PickleWrapper,io.cucumber.testng.FeatureWrapper)[pri:0, instance:TestRunner.TestRunner@480bdb19]" name="runScenario" duration-ms="19154" started-at="2022-05-24T22:58:15 EET" description="Runs Cucumber Scenarios" data-provider="scenarios" finished-at="2022-05-24T22:58:34 EET">
          <params>
            <param index="0">
              <value>
                <![CDATA["Search by Product SKU"]]>
              </value>
            </param>
            <param index="1">
              <value>
                <![CDATA["Searching"]]>
              </value>
            </param>
          </params>
          <reporter-output>
          </reporter-output>
        </test-method> <!-- runScenario -->
        <test-method status="FAIL" signature="runScenario(io.cucumber.testng.PickleWrapper,io.cucumber.testng.FeatureWrapper)[pri:0, instance:TestRunner.TestRunner@480bdb19]" name="runScenario" duration-ms="21389" started-at="2022-05-24T22:58:34 EET" description="Runs Cucumber Scenarios" data-provider="scenarios" finished-at="2022-05-24T22:58:56 EET">
          <params>
            <param index="0">
              <value>
                <![CDATA["user could click on Nokia on slider"]]>
              </value>
            </param>
            <param index="1">
              <value>
                <![CDATA["SliderWrapper is Clickable"]]>
              </value>
            </param>
          </params>
          <exception class="java.lang.AssertionError">
            <message>
              <![CDATA[expected [https://demo.nopcommerce.com/nokia-lumia-1020] but found [https://demo.nopcommerce.com/]]]>
            </message>
            <full-stacktrace>
              <![CDATA[java.lang.AssertionError: expected [https://demo.nopcommerce.com/nokia-lumia-1020] but found [https://demo.nopcommerce.com/]
at org.testng.Assert.fail(Assert.java:110)
at org.testng.Assert.failNotEquals(Assert.java:1413)
at org.testng.Assert.assertEqualsImpl(Assert.java:149)
at org.testng.Assert.assertEquals(Assert.java:131)
at org.testng.Assert.assertEquals(Assert.java:655)
at org.testng.Assert.assertEquals(Assert.java:665)
at Steps.SliderWrapper.NokiaPageOpen(SliderWrapper.java:35)
at ✽.Nokia page should be opened(file:///D:/MyWork/Udacity/2nd_Project_Automation/Ecommerce_project/src/main/resources/Features/6-Slider.feature:6)
]]>
            </full-stacktrace>
          </exception> <!-- java.lang.AssertionError -->
          <reporter-output>
          </reporter-output>
        </test-method> <!-- runScenario -->
        <test-method status="FAIL" signature="runScenario(io.cucumber.testng.PickleWrapper,io.cucumber.testng.FeatureWrapper)[pri:0, instance:TestRunner.TestRunner@480bdb19]" name="runScenario" duration-ms="26121" started-at="2022-05-24T22:58:56 EET" description="Runs Cucumber Scenarios" data-provider="scenarios" finished-at="2022-05-24T22:59:22 EET">
          <params>
            <param index="0">
              <value>
                <![CDATA["user could click on Iphone on slider"]]>
              </value>
            </param>
            <param index="1">
              <value>
                <![CDATA["SliderWrapper is Clickable"]]>
              </value>
            </param>
          </params>
          <exception class="java.lang.AssertionError">
            <message>
              <![CDATA[expected [https://demo.nopcommerce.com/iphone-6] but found [https://demo.nopcommerce.com/]]]>
            </message>
            <full-stacktrace>
              <![CDATA[java.lang.AssertionError: expected [https://demo.nopcommerce.com/iphone-6] but found [https://demo.nopcommerce.com/]
at org.testng.Assert.fail(Assert.java:110)
at org.testng.Assert.failNotEquals(Assert.java:1413)
at org.testng.Assert.assertEqualsImpl(Assert.java:149)
at org.testng.Assert.assertEquals(Assert.java:131)
at org.testng.Assert.assertEquals(Assert.java:655)
at org.testng.Assert.assertEquals(Assert.java:665)
at Steps.SliderWrapper.IphonePageOpen(SliderWrapper.java:42)
at ✽.Iphone page should be opened(file:///D:/MyWork/Udacity/2nd_Project_Automation/Ecommerce_project/src/main/resources/Features/6-Slider.feature:12)
]]>
            </full-stacktrace>
          </exception> <!-- java.lang.AssertionError -->
          <reporter-output>
          </reporter-output>
        </test-method> <!-- runScenario -->
        <test-method status="PASS" signature="runScenario(io.cucumber.testng.PickleWrapper,io.cucumber.testng.FeatureWrapper)[pri:0, instance:TestRunner.TestRunner@480bdb19]" name="runScenario" duration-ms="19682" started-at="2022-05-24T22:59:22 EET" description="Runs Cucumber Scenarios" data-provider="scenarios" finished-at="2022-05-24T22:59:41 EET">
          <params>
            <param index="0">
              <value>
                <![CDATA["user opens Facebook link"]]>
              </value>
            </param>
            <param index="1">
              <value>
                <![CDATA["User should open followsUs links"]]>
              </value>
            </param>
          </params>
          <reporter-output>
          </reporter-output>
        </test-method> <!-- runScenario -->
        <test-method status="PASS" signature="runScenario(io.cucumber.testng.PickleWrapper,io.cucumber.testng.FeatureWrapper)[pri:0, instance:TestRunner.TestRunner@480bdb19]" name="runScenario" duration-ms="22312" started-at="2022-05-24T22:59:41 EET" description="Runs Cucumber Scenarios" data-provider="scenarios" finished-at="2022-05-24T23:00:04 EET">
          <params>
            <param index="0">
              <value>
                <![CDATA["user opens Twitter link"]]>
              </value>
            </param>
            <param index="1">
              <value>
                <![CDATA["User should open followsUs links"]]>
              </value>
            </param>
          </params>
          <reporter-output>
          </reporter-output>
        </test-method> <!-- runScenario -->
        <test-method status="PASS" signature="runScenario(io.cucumber.testng.PickleWrapper,io.cucumber.testng.FeatureWrapper)[pri:0, instance:TestRunner.TestRunner@480bdb19]" name="runScenario" duration-ms="17123" started-at="2022-05-24T23:00:04 EET" description="Runs Cucumber Scenarios" data-provider="scenarios" finished-at="2022-05-24T23:00:21 EET">
          <params>
            <param index="0">
              <value>
                <![CDATA["user opens RSS link"]]>
              </value>
            </param>
            <param index="1">
              <value>
                <![CDATA["User should open followsUs links"]]>
              </value>
            </param>
          </params>
          <reporter-output>
          </reporter-output>
        </test-method> <!-- runScenario -->
        <test-method status="PASS" signature="runScenario(io.cucumber.testng.PickleWrapper,io.cucumber.testng.FeatureWrapper)[pri:0, instance:TestRunner.TestRunner@480bdb19]" name="runScenario" duration-ms="39929" started-at="2022-05-24T23:00:21 EET" description="Runs Cucumber Scenarios" data-provider="scenarios" finished-at="2022-05-24T23:01:01 EET">
          <params>
            <param index="0">
              <value>
                <![CDATA["user opens YouTube link"]]>
              </value>
            </param>
            <param index="1">
              <value>
                <![CDATA["User should open followsUs links"]]>
              </value>
            </param>
          </params>
          <reporter-output>
          </reporter-output>
        </test-method> <!-- runScenario -->
        <test-method status="PASS" signature="runScenario(io.cucumber.testng.PickleWrapper,io.cucumber.testng.FeatureWrapper)[pri:0, instance:TestRunner.TestRunner@480bdb19]" name="runScenario" duration-ms="30308" started-at="2022-05-24T23:01:01 EET" description="Runs Cucumber Scenarios" data-provider="scenarios" finished-at="2022-05-24T23:01:31 EET">
          <params>
            <param index="0">
              <value>
                <![CDATA["user could add HTC ONE M8 phone to wishlist"]]>
              </value>
            </param>
            <param index="1">
              <value>
                <![CDATA["User could add items to wishlist"]]>
              </value>
            </param>
          </params>
          <reporter-output>
          </reporter-output>
        </test-method> <!-- runScenario -->
        <test-method status="PASS" signature="runScenario(io.cucumber.testng.PickleWrapper,io.cucumber.testng.FeatureWrapper)[pri:0, instance:TestRunner.TestRunner@480bdb19]" name="runScenario" duration-ms="29371" started-at="2022-05-24T23:01:31 EET" description="Runs Cucumber Scenarios" data-provider="scenarios" finished-at="2022-05-24T23:02:00 EET">
          <params>
            <param index="0">
              <value>
                <![CDATA["user could add HTC ONE M8 phone to Shopping Cart"]]>
              </value>
            </param>
            <param index="1">
              <value>
                <![CDATA["User could add items to Shopping Cart"]]>
              </value>
            </param>
          </params>
          <reporter-output>
          </reporter-output>
        </test-method> <!-- runScenario -->
        <test-method status="PASS" signature="tearDownClass()[pri:0, instance:TestRunner.TestRunner@480bdb19]" name="tearDownClass" is-config="true" duration-ms="779" started-at="2022-05-24T23:02:01 EET" finished-at="2022-05-24T23:02:01 EET">
          <reporter-output>
          </reporter-output>
        </test-method> <!-- tearDownClass -->
      </class> <!-- TestRunner.TestRunner -->
    </test> <!-- Surefire test -->
  </suite> <!-- Surefire suite -->
</testng-results>
